[debug] [2021-04-11T18:20:54.624Z] ----------------------------------------------------------------------
[debug] [2021-04-11T18:20:54.626Z] Command:       C:\Program Files\nodejs\node.exe C:\Users\kryos\AppData\Roaming\npm\node_modules\firebase-tools\lib\bin\firebase.js emulators:start --only functions
[debug] [2021-04-11T18:20:54.626Z] CLI Version:   9.9.0
[debug] [2021-04-11T18:20:54.626Z] Platform:      win32
[debug] [2021-04-11T18:20:54.626Z] Node Version:  v14.9.0
[debug] [2021-04-11T18:20:54.627Z] Time:          Sun Apr 11 2021 14:20:54 GMT-0400 (Eastern Daylight Time)
[debug] [2021-04-11T18:20:54.627Z] ----------------------------------------------------------------------
[debug] 
[debug] [2021-04-11T18:20:54.634Z] > command requires scopes: ["email","openid","https://www.googleapis.com/auth/cloudplatformprojects.readonly","https://www.googleapis.com/auth/firebase","https://www.googleapis.com/auth/cloud-platform"]
[debug] [2021-04-11T18:20:54.634Z] > authorizing via signed-in user (dergunovdg@gmail.com)
[info] i  emulators: Starting emulators: functions {"metadata":{"emulator":{"name":"hub"},"message":"Starting emulators: functions"}}
[debug] [2021-04-11T18:20:54.652Z] [hub] writing locator at C:\Users\kryos\AppData\Local\Temp\hub-rn-meals-togo.json
[warn] !  functions: The following emulators are not running, calls to these services from the Functions emulator will affect production: auth, firestore, database, hosting, pubsub {"metadata":{"emulator":{"name":"functions"},"message":"The following emulators are not running, calls to these services from the Functions emulator will affect production: \u001b[1mauth, firestore, database, hosting, pubsub\u001b[22m"}}
[info] +  functions: Using node@14 from host. {"metadata":{"emulator":{"name":"functions"},"message":"Using node@14 from host."}}
[debug] [2021-04-11T18:20:54.675Z] defaultcredentials: writing to file C:\Users\kryos\AppData\Roaming\firebase\dergunovdg_gmail_com_application_default_credentials.json
[debug] [2021-04-11T18:20:54.679Z] Setting GAC to C:\Users\kryos\AppData\Roaming\firebase\dergunovdg_gmail_com_application_default_credentials.json {"metadata":{"emulator":{"name":"functions"},"message":"Setting GAC to C:\\Users\\kryos\\AppData\\Roaming\\firebase\\dergunovdg_gmail_com_application_default_credentials.json"}}
[debug] [2021-04-11T18:20:54.681Z] > refreshing access token with scopes: []
[debug] [2021-04-11T18:20:54.682Z] >>> HTTP REQUEST POST https://www.googleapis.com/oauth2/v3/token  
 <request body omitted>
[debug] [2021-04-11T18:20:54.819Z] <<< HTTP RESPONSE 200 {"cache-control":"no-cache, no-store, max-age=0, must-revalidate","pragma":"no-cache","expires":"Mon, 01 Jan 1990 00:00:00 GMT","date":"Sun, 11 Apr 2021 18:20:55 GMT","content-type":"application/json; charset=utf-8","vary":"X-Origin, Referer, Origin,Accept-Encoding","server":"scaffolding on HTTPServer2","x-xss-protection":"0","x-frame-options":"SAMEORIGIN","x-content-type-options":"nosniff","alt-svc":"h3-29=\":443\"; ma=2592000,h3-T051=\":443\"; ma=2592000,h3-Q050=\":443\"; ma=2592000,h3-Q046=\":443\"; ma=2592000,h3-Q043=\":443\"; ma=2592000,quic=\":443\"; ma=2592000; v=\"46,43\"","accept-ranges":"none","transfer-encoding":"chunked"}
[debug] [2021-04-11T18:20:54.840Z] >>> [apiv2][query] GET https://firebase.googleapis.com/v1beta1/projects/rn-meals-togo/adminSdkConfig [none]
[debug] [2021-04-11T18:20:55.141Z] <<< [apiv2][status] GET https://firebase.googleapis.com/v1beta1/projects/rn-meals-togo/adminSdkConfig 200
[debug] [2021-04-11T18:20:55.141Z] <<< [apiv2][body] GET https://firebase.googleapis.com/v1beta1/projects/rn-meals-togo/adminSdkConfig {"projectId":"rn-meals-togo","storageBucket":"rn-meals-togo.appspot.com"}
[info] i  ui: downloading ui-v1.4.2.zip... {"metadata":{"emulator":{"name":"ui"},"message":"downloading ui-v1.4.2.zip..."}}
[debug] [2021-04-11T18:20:55.167Z] >>> [apiv2][query] GET https://storage.googleapis.com/firebase-preview-drop/emulator/ui-v1.4.2.zip 
[debug] [2021-04-11T18:20:55.237Z] <<< [apiv2][status] GET https://storage.googleapis.com/firebase-preview-drop/emulator/ui-v1.4.2.zip 200
[debug] [2021-04-11T18:20:55.237Z] <<< [apiv2][body] GET https://storage.googleapis.com/firebase-preview-drop/emulator/ui-v1.4.2.zip [stream]
[debug] [2021-04-11T18:20:57.522Z] Ignoring unsupported arg: auto_download {"metadata":{"emulator":{"name":"ui"},"message":"Ignoring unsupported arg: auto_download"}}
[debug] [2021-04-11T18:20:57.522Z] Ignoring unsupported arg: port {"metadata":{"emulator":{"name":"ui"},"message":"Ignoring unsupported arg: port"}}
[debug] [2021-04-11T18:20:57.522Z] Starting Emulator UI with command {"binary":"node","args":["C:\\Users\\kryos\\.cache\\firebase\\emulators\\ui-v1.4.2\\server.bundle.js"],"optionalArgs":[],"joinArgs":false} {"metadata":{"emulator":{"name":"ui"},"message":"Starting Emulator UI with command {\"binary\":\"node\",\"args\":[\"C:\\\\Users\\\\kryos\\\\.cache\\\\firebase\\\\emulators\\\\ui-v1.4.2\\\\server.bundle.js\"],\"optionalArgs\":[],\"joinArgs\":false}"}}
[info] i  ui: Emulator UI logging to ui-debug.log {"metadata":{"emulator":{"name":"ui"},"message":"Emulator UI logging to \u001b[1mui-debug.log\u001b[22m"}}
[debug] [2021-04-11T18:20:57.639Z] Web / API server started at http://localhost:4000
 {"metadata":{"emulator":{"name":"ui"},"message":"Web / API server started at http://localhost:4000\n"}}
[info] i  functions: Watching "D:\projects\rn-meals-togo\functions" for Cloud Functions... {"metadata":{"emulator":{"name":"functions"},"message":"Watching \"D:\\projects\\rn-meals-togo\\functions\" for Cloud Functions..."}}
[debug] [2021-04-11T18:20:57.811Z] [worker-pool] addWorker(~diagnostic~) {"metadata":{"emulator":{"name":"functions"},"message":"[worker-pool] addWorker(~diagnostic~)"}}
[debug] [2021-04-11T18:20:57.811Z] [worker-pool] Adding worker with key ~diagnostic~, total=1 {"metadata":{"emulator":{"name":"functions"},"message":"[worker-pool] Adding worker with key ~diagnostic~, total=1"}}
[debug] [2021-04-11T18:20:57.811Z] [worker-pool] submitWork(triggerId=) {"metadata":{"emulator":{"name":"functions"},"message":"[worker-pool] submitWork(triggerId=)"}}
[debug] [2021-04-11T18:20:57.811Z] [worker-~diagnostic~-c7db3049-3a79-4b44-992d-6a7cce1399ec]: Assigning socketPath: \\?\pipe\D:\projects\rn-meals-togo\functions\21364 {"metadata":{"emulator":{"name":"functions"},"message":"[worker-~diagnostic~-c7db3049-3a79-4b44-992d-6a7cce1399ec]: Assigning socketPath: \\\\?\\pipe\\D:\\projects\\rn-meals-togo\\functions\\21364"}}
[debug] [2021-04-11T18:20:57.812Z] [worker-~diagnostic~-c7db3049-3a79-4b44-992d-6a7cce1399ec]: BUSY {"metadata":{"emulator":{"name":"functions"},"message":"[worker-~diagnostic~-c7db3049-3a79-4b44-992d-6a7cce1399ec]: BUSY"}}
[debug] [2021-04-11T18:20:57.999Z] [runtime-status] [21364] Functions runtime initialized. {"cwd":"D:\\projects\\rn-meals-togo\\functions","node_version":"14.9.0"} {"metadata":{"emulator":{"name":"functions"},"message":"[runtime-status] [21364] Functions runtime initialized. {\"cwd\":\"D:\\\\projects\\\\rn-meals-togo\\\\functions\",\"node_version\":\"14.9.0\"}"}}
[debug] [2021-04-11T18:20:57.999Z] [runtime-status] [21364] Disabled runtime features: undefined {"metadata":{"emulator":{"name":"functions"},"message":"[runtime-status] [21364] Disabled runtime features: undefined"}}
[debug] [2021-04-11T18:20:58.001Z] [runtime-status] [21364] Resolved module firebase-admin {"declared":true,"installed":true,"version":"9.6.0","resolution":"D:\\projects\\rn-meals-togo\\functions\\node_modules\\firebase-admin\\lib\\index.js"} {"metadata":{"emulator":{"name":"functions"},"message":"[runtime-status] [21364] Resolved module firebase-admin {\"declared\":true,\"installed\":true,\"version\":\"9.6.0\",\"resolution\":\"D:\\\\projects\\\\rn-meals-togo\\\\functions\\\\node_modules\\\\firebase-admin\\\\lib\\\\index.js\"}"}}
[debug] [2021-04-11T18:20:58.002Z] [runtime-status] [21364] Resolved module firebase-functions {"declared":true,"installed":true,"version":"3.13.2","resolution":"D:\\projects\\rn-meals-togo\\functions\\node_modules\\firebase-functions\\lib\\index.js"} {"metadata":{"emulator":{"name":"functions"},"message":"[runtime-status] [21364] Resolved module firebase-functions {\"declared\":true,\"installed\":true,\"version\":\"3.13.2\",\"resolution\":\"D:\\\\projects\\\\rn-meals-togo\\\\functions\\\\node_modules\\\\firebase-functions\\\\lib\\\\index.js\"}"}}
[debug] [2021-04-11T18:20:58.003Z] [runtime-status] [21364] Resolved module firebase-functions {"declared":true,"installed":true,"version":"3.13.2","resolution":"D:\\projects\\rn-meals-togo\\functions\\node_modules\\firebase-functions\\lib\\index.js"} {"metadata":{"emulator":{"name":"functions"},"message":"[runtime-status] [21364] Resolved module firebase-functions {\"declared\":true,\"installed\":true,\"version\":\"3.13.2\",\"resolution\":\"D:\\\\projects\\\\rn-meals-togo\\\\functions\\\\node_modules\\\\firebase-functions\\\\lib\\\\index.js\"}"}}
[debug] [2021-04-11T18:20:58.004Z] [runtime-status] [21364] Outgoing network have been stubbed. [{"name":"http","status":"mocked"},{"name":"http","status":"mocked"},{"name":"https","status":"mocked"},{"name":"https","status":"mocked"},{"name":"net","status":"mocked"}] {"metadata":{"emulator":{"name":"functions"},"message":"[runtime-status] [21364] Outgoing network have been stubbed. [{\"name\":\"http\",\"status\":\"mocked\"},{\"name\":\"http\",\"status\":\"mocked\"},{\"name\":\"https\",\"status\":\"mocked\"},{\"name\":\"https\",\"status\":\"mocked\"},{\"name\":\"net\",\"status\":\"mocked\"}]"}}
[debug] [2021-04-11T18:20:58.005Z] [runtime-status] [21364] Resolved module firebase-functions {"declared":true,"installed":true,"version":"3.13.2","resolution":"D:\\projects\\rn-meals-togo\\functions\\node_modules\\firebase-functions\\lib\\index.js"} {"metadata":{"emulator":{"name":"functions"},"message":"[runtime-status] [21364] Resolved module firebase-functions {\"declared\":true,\"installed\":true,\"version\":\"3.13.2\",\"resolution\":\"D:\\\\projects\\\\rn-meals-togo\\\\functions\\\\node_modules\\\\firebase-functions\\\\lib\\\\index.js\"}"}}
[debug] [2021-04-11T18:20:58.080Z] [runtime-status] [21364] Checked functions.config() {"config":{}} {"metadata":{"emulator":{"name":"functions"},"message":"[runtime-status] [21364] Checked functions.config() {\"config\":{}}"}}
[debug] [2021-04-11T18:20:58.080Z] [runtime-status] [21364] firebase-functions has been stubbed. {"functionsResolution":{"declared":true,"installed":true,"version":"3.13.2","resolution":"D:\\projects\\rn-meals-togo\\functions\\node_modules\\firebase-functions\\lib\\index.js"}} {"metadata":{"emulator":{"name":"functions"},"message":"[runtime-status] [21364] firebase-functions has been stubbed. {\"functionsResolution\":{\"declared\":true,\"installed\":true,\"version\":\"3.13.2\",\"resolution\":\"D:\\\\projects\\\\rn-meals-togo\\\\functions\\\\node_modules\\\\firebase-functions\\\\lib\\\\index.js\"}}"}}
[debug] [2021-04-11T18:20:58.081Z] [runtime-status] [21364] Resolved module firebase-functions {"declared":true,"installed":true,"version":"3.13.2","resolution":"D:\\projects\\rn-meals-togo\\functions\\node_modules\\firebase-functions\\lib\\index.js"} {"metadata":{"emulator":{"name":"functions"},"message":"[runtime-status] [21364] Resolved module firebase-functions {\"declared\":true,\"installed\":true,\"version\":\"3.13.2\",\"resolution\":\"D:\\\\projects\\\\rn-meals-togo\\\\functions\\\\node_modules\\\\firebase-functions\\\\lib\\\\index.js\"}"}}
[debug] [2021-04-11T18:20:58.081Z] [runtime-status] [21364] Resolved module firebase-admin {"declared":true,"installed":true,"version":"9.6.0","resolution":"D:\\projects\\rn-meals-togo\\functions\\node_modules\\firebase-admin\\lib\\index.js"} {"metadata":{"emulator":{"name":"functions"},"message":"[runtime-status] [21364] Resolved module firebase-admin {\"declared\":true,\"installed\":true,\"version\":\"9.6.0\",\"resolution\":\"D:\\\\projects\\\\rn-meals-togo\\\\functions\\\\node_modules\\\\firebase-admin\\\\lib\\\\index.js\"}"}}
[debug] [2021-04-11T18:20:58.082Z] [runtime-status] [21364] Resolved module firebase-functions {"declared":true,"installed":true,"version":"3.13.2","resolution":"D:\\projects\\rn-meals-togo\\functions\\node_modules\\firebase-functions\\lib\\index.js"} {"metadata":{"emulator":{"name":"functions"},"message":"[runtime-status] [21364] Resolved module firebase-functions {\"declared\":true,\"installed\":true,\"version\":\"3.13.2\",\"resolution\":\"D:\\\\projects\\\\rn-meals-togo\\\\functions\\\\node_modules\\\\firebase-functions\\\\lib\\\\index.js\"}"}}
[debug] [2021-04-11T18:20:58.082Z] [runtime-status] [21364] firebase-admin has been stubbed. {"adminResolution":{"declared":true,"installed":true,"version":"9.6.0","resolution":"D:\\projects\\rn-meals-togo\\functions\\node_modules\\firebase-admin\\lib\\index.js"}} {"metadata":{"emulator":{"name":"functions"},"message":"[runtime-status] [21364] firebase-admin has been stubbed. {\"adminResolution\":{\"declared\":true,\"installed\":true,\"version\":\"9.6.0\",\"resolution\":\"D:\\\\projects\\\\rn-meals-togo\\\\functions\\\\node_modules\\\\firebase-admin\\\\lib\\\\index.js\"}}"}}
[info] +  functions[geocode]: http function initialized (http://localhost:5001/rn-meals-togo/us-central1/geocode). {"metadata":{"emulator":{"name":"functions"},"message":"\u001b[1mhttp\u001b[22m function initialized (http://localhost:5001/rn-meals-togo/us-central1/geocode)."}}
[info] 
┌─────────────────────────────────────────────────────────────┐
│ ✔  All emulators ready! It is now safe to connect your app. │
│ i  View Emulator UI at http://localhost:4000                │
└─────────────────────────────────────────────────────────────┘

┌───────────┬────────────────┬─────────────────────────────────┐
│ Emulator  │ Host:Port      │ View in Emulator UI             │
├───────────┼────────────────┼─────────────────────────────────┤
│ Functions │ localhost:5001 │ http://localhost:4000/functions │
└───────────┴────────────────┴─────────────────────────────────┘
  Emulator Hub running at localhost:4400
  Other reserved ports: 4500

Issues? Report them at https://github.com/firebase/firebase-tools/issues and attach the *-debug.log files.
 
[debug] [2021-04-11T18:20:58.092Z] [worker-~diagnostic~-c7db3049-3a79-4b44-992d-6a7cce1399ec]: IDLE {"metadata":{"emulator":{"name":"functions"},"message":"[worker-~diagnostic~-c7db3049-3a79-4b44-992d-6a7cce1399ec]: IDLE"}}
[debug] [2021-04-11T18:21:22.295Z] [work-queue] {"queueLength":1,"workRunningCount":0}
[debug] [2021-04-11T18:21:22.295Z] [work-queue] {"queueLength":0,"workRunningCount":1}
[debug] [2021-04-11T18:21:22.295Z] Accepted request GET /rn-meals-togo/us-central1/geocode --> geocode
[debug] [2021-04-11T18:21:22.301Z] [worker-pool] addWorker(geocode) {"metadata":{"emulator":{"name":"functions"},"message":"[worker-pool] addWorker(geocode)"}}
[debug] [2021-04-11T18:21:22.301Z] [worker-pool] Adding worker with key geocode, total=1 {"metadata":{"emulator":{"name":"functions"},"message":"[worker-pool] Adding worker with key geocode, total=1"}}
[debug] [2021-04-11T18:21:22.301Z] [worker-pool] submitWork(triggerId=geocode) {"metadata":{"emulator":{"name":"functions"},"message":"[worker-pool] submitWork(triggerId=geocode)"}}
[debug] [2021-04-11T18:21:22.301Z] [worker-geocode-8ce0ece9-1198-4a4f-8ffe-d8018fb1b72e]: Assigning socketPath: \\?\pipe\D:\projects\rn-meals-togo\functions\2856 {"metadata":{"emulator":{"name":"functions"},"message":"[worker-geocode-8ce0ece9-1198-4a4f-8ffe-d8018fb1b72e]: Assigning socketPath: \\\\?\\pipe\\D:\\projects\\rn-meals-togo\\functions\\2856"}}
[debug] [2021-04-11T18:21:22.302Z] [worker-geocode-8ce0ece9-1198-4a4f-8ffe-d8018fb1b72e]: BUSY {"metadata":{"emulator":{"name":"functions"},"message":"[worker-geocode-8ce0ece9-1198-4a4f-8ffe-d8018fb1b72e]: BUSY"}}
[debug] [2021-04-11T18:21:22.509Z] [runtime-status] [2856] Functions runtime initialized. {"cwd":"D:\\projects\\rn-meals-togo\\functions","node_version":"14.9.0"} {"metadata":{"emulator":{"name":"functions"},"function":{"name":"geocode"},"message":"[runtime-status] [2856] Functions runtime initialized. {\"cwd\":\"D:\\\\projects\\\\rn-meals-togo\\\\functions\",\"node_version\":\"14.9.0\"}"}}
[debug] [2021-04-11T18:21:22.510Z] [runtime-status] [2856] Disabled runtime features: undefined {"metadata":{"emulator":{"name":"functions"},"function":{"name":"geocode"},"message":"[runtime-status] [2856] Disabled runtime features: undefined"}}
[debug] [2021-04-11T18:21:22.517Z] [runtime-status] [2856] Resolved module firebase-admin {"declared":true,"installed":true,"version":"9.6.0","resolution":"D:\\projects\\rn-meals-togo\\functions\\node_modules\\firebase-admin\\lib\\index.js"} {"metadata":{"emulator":{"name":"functions"},"function":{"name":"geocode"},"message":"[runtime-status] [2856] Resolved module firebase-admin {\"declared\":true,\"installed\":true,\"version\":\"9.6.0\",\"resolution\":\"D:\\\\projects\\\\rn-meals-togo\\\\functions\\\\node_modules\\\\firebase-admin\\\\lib\\\\index.js\"}"}}
[debug] [2021-04-11T18:21:22.519Z] [runtime-status] [2856] Resolved module firebase-functions {"declared":true,"installed":true,"version":"3.13.2","resolution":"D:\\projects\\rn-meals-togo\\functions\\node_modules\\firebase-functions\\lib\\index.js"} {"metadata":{"emulator":{"name":"functions"},"function":{"name":"geocode"},"message":"[runtime-status] [2856] Resolved module firebase-functions {\"declared\":true,\"installed\":true,\"version\":\"3.13.2\",\"resolution\":\"D:\\\\projects\\\\rn-meals-togo\\\\functions\\\\node_modules\\\\firebase-functions\\\\lib\\\\index.js\"}"}}
[debug] [2021-04-11T18:21:22.521Z] [runtime-status] [2856] Resolved module firebase-functions {"declared":true,"installed":true,"version":"3.13.2","resolution":"D:\\projects\\rn-meals-togo\\functions\\node_modules\\firebase-functions\\lib\\index.js"} {"metadata":{"emulator":{"name":"functions"},"function":{"name":"geocode"},"message":"[runtime-status] [2856] Resolved module firebase-functions {\"declared\":true,\"installed\":true,\"version\":\"3.13.2\",\"resolution\":\"D:\\\\projects\\\\rn-meals-togo\\\\functions\\\\node_modules\\\\firebase-functions\\\\lib\\\\index.js\"}"}}
[debug] [2021-04-11T18:21:22.522Z] [runtime-status] [2856] Outgoing network have been stubbed. [{"name":"http","status":"mocked"},{"name":"http","status":"mocked"},{"name":"https","status":"mocked"},{"name":"https","status":"mocked"},{"name":"net","status":"mocked"}] {"metadata":{"emulator":{"name":"functions"},"function":{"name":"geocode"},"message":"[runtime-status] [2856] Outgoing network have been stubbed. [{\"name\":\"http\",\"status\":\"mocked\"},{\"name\":\"http\",\"status\":\"mocked\"},{\"name\":\"https\",\"status\":\"mocked\"},{\"name\":\"https\",\"status\":\"mocked\"},{\"name\":\"net\",\"status\":\"mocked\"}]"}}
[debug] [2021-04-11T18:21:22.523Z] [runtime-status] [2856] Resolved module firebase-functions {"declared":true,"installed":true,"version":"3.13.2","resolution":"D:\\projects\\rn-meals-togo\\functions\\node_modules\\firebase-functions\\lib\\index.js"} {"metadata":{"emulator":{"name":"functions"},"function":{"name":"geocode"},"message":"[runtime-status] [2856] Resolved module firebase-functions {\"declared\":true,\"installed\":true,\"version\":\"3.13.2\",\"resolution\":\"D:\\\\projects\\\\rn-meals-togo\\\\functions\\\\node_modules\\\\firebase-functions\\\\lib\\\\index.js\"}"}}
[debug] [2021-04-11T18:21:22.581Z] [runtime-status] [2856] Checked functions.config() {"config":{}} {"metadata":{"emulator":{"name":"functions"},"function":{"name":"geocode"},"message":"[runtime-status] [2856] Checked functions.config() {\"config\":{}}"}}
[debug] [2021-04-11T18:21:22.581Z] [runtime-status] [2856] firebase-functions has been stubbed. {"functionsResolution":{"declared":true,"installed":true,"version":"3.13.2","resolution":"D:\\projects\\rn-meals-togo\\functions\\node_modules\\firebase-functions\\lib\\index.js"}} {"metadata":{"emulator":{"name":"functions"},"function":{"name":"geocode"},"message":"[runtime-status] [2856] firebase-functions has been stubbed. {\"functionsResolution\":{\"declared\":true,\"installed\":true,\"version\":\"3.13.2\",\"resolution\":\"D:\\\\projects\\\\rn-meals-togo\\\\functions\\\\node_modules\\\\firebase-functions\\\\lib\\\\index.js\"}}"}}
[debug] [2021-04-11T18:21:22.583Z] [runtime-status] [2856] Resolved module firebase-functions {"declared":true,"installed":true,"version":"3.13.2","resolution":"D:\\projects\\rn-meals-togo\\functions\\node_modules\\firebase-functions\\lib\\index.js"} {"metadata":{"emulator":{"name":"functions"},"function":{"name":"geocode"},"message":"[runtime-status] [2856] Resolved module firebase-functions {\"declared\":true,\"installed\":true,\"version\":\"3.13.2\",\"resolution\":\"D:\\\\projects\\\\rn-meals-togo\\\\functions\\\\node_modules\\\\firebase-functions\\\\lib\\\\index.js\"}"}}
[debug] [2021-04-11T18:21:22.588Z] [runtime-status] [2856] Resolved module firebase-admin {"declared":true,"installed":true,"version":"9.6.0","resolution":"D:\\projects\\rn-meals-togo\\functions\\node_modules\\firebase-admin\\lib\\index.js"} {"metadata":{"emulator":{"name":"functions"},"function":{"name":"geocode"},"message":"[runtime-status] [2856] Resolved module firebase-admin {\"declared\":true,\"installed\":true,\"version\":\"9.6.0\",\"resolution\":\"D:\\\\projects\\\\rn-meals-togo\\\\functions\\\\node_modules\\\\firebase-admin\\\\lib\\\\index.js\"}"}}
[debug] [2021-04-11T18:21:22.589Z] [runtime-status] [2856] Resolved module firebase-functions {"declared":true,"installed":true,"version":"3.13.2","resolution":"D:\\projects\\rn-meals-togo\\functions\\node_modules\\firebase-functions\\lib\\index.js"} {"metadata":{"emulator":{"name":"functions"},"function":{"name":"geocode"},"message":"[runtime-status] [2856] Resolved module firebase-functions {\"declared\":true,\"installed\":true,\"version\":\"3.13.2\",\"resolution\":\"D:\\\\projects\\\\rn-meals-togo\\\\functions\\\\node_modules\\\\firebase-functions\\\\lib\\\\index.js\"}"}}
[debug] [2021-04-11T18:21:22.589Z] [runtime-status] [2856] firebase-admin has been stubbed. {"adminResolution":{"declared":true,"installed":true,"version":"9.6.0","resolution":"D:\\projects\\rn-meals-togo\\functions\\node_modules\\firebase-admin\\lib\\index.js"}} {"metadata":{"emulator":{"name":"functions"},"function":{"name":"geocode"},"message":"[runtime-status] [2856] firebase-admin has been stubbed. {\"adminResolution\":{\"declared\":true,\"installed\":true,\"version\":\"9.6.0\",\"resolution\":\"D:\\\\projects\\\\rn-meals-togo\\\\functions\\\\node_modules\\\\firebase-admin\\\\lib\\\\index.js\"}}"}}
[debug] [2021-04-11T18:21:22.591Z] [runtime-status] [2856] Trigger "geocode" has been found, beginning invocation! {"metadata":{"emulator":{"name":"functions"},"function":{"name":"geocode"},"message":"[runtime-status] [2856] Trigger \"geocode\" has been found, beginning invocation!"}}
[info] i  functions: Beginning execution of "geocode" {"metadata":{"emulator":{"name":"functions"},"function":{"name":"geocode"},"message":"Beginning execution of \"geocode\""}}
[debug] [2021-04-11T18:21:22.593Z] [runtime-status] [2856] triggerDefinition {"httpsTrigger":{},"name":"geocode","entryPoint":"geocode"} {"metadata":{"emulator":{"name":"functions"},"function":{"name":"geocode"},"message":"[runtime-status] [2856] triggerDefinition {\"httpsTrigger\":{},\"name\":\"geocode\",\"entryPoint\":\"geocode\"}"}}
[debug] [2021-04-11T18:21:22.593Z] [runtime-status] [2856] Running geocode in mode HTTPS {"metadata":{"emulator":{"name":"functions"},"function":{"name":"geocode"},"message":"[runtime-status] [2856] Running geocode in mode HTTPS"}}
[debug] [2021-04-11T18:21:22.596Z] [runtime-status] [2856] Attempting to listen to socketPath: \\?\pipe\D:\projects\rn-meals-togo\functions\2856 {"metadata":{"emulator":{"name":"functions"},"function":{"name":"geocode"},"message":"[runtime-status] [2856] Attempting to listen to socketPath: \\\\?\\pipe\\D:\\projects\\rn-meals-togo\\functions\\2856"}}
[debug] [2021-04-11T18:21:22.598Z] [functions] Runtime ready! Sending request! {"metadata":{"emulator":{"name":"functions"},"message":"[functions] Runtime ready! Sending request!"}}
[debug] [2021-04-11T18:21:22.598Z] [functions] Got req.url=/rn-meals-togo/us-central1/geocode, mapping to path=/ {"metadata":{"emulator":{"name":"functions"},"message":"[functions] Got req.url=/rn-meals-togo/us-central1/geocode, mapping to path=/"}}
[debug] [2021-04-11T18:21:22.622Z] [runtime-status] [2856] Ephemeral server handling GET request {"metadata":{"emulator":{"name":"functions"},"function":{"name":"geocode"},"message":"[runtime-status] [2856] Ephemeral server handling GET request"}}
[debug] [2021-04-11T18:21:22.630Z] [runtime-status] [2856] Ephemeral server survived. {"metadata":{"emulator":{"name":"functions"},"function":{"name":"geocode"},"message":"[runtime-status] [2856] Ephemeral server survived."}}
[info] i  functions: Finished "geocode" in ~1s {"metadata":{"emulator":{"name":"functions"},"function":{"name":"geocode"},"message":"Finished \"geocode\" in ~1s"}}
[debug] [2021-04-11T18:21:22.639Z] [worker-geocode-8ce0ece9-1198-4a4f-8ffe-d8018fb1b72e]: IDLE {"metadata":{"emulator":{"name":"functions"},"message":"[worker-geocode-8ce0ece9-1198-4a4f-8ffe-d8018fb1b72e]: IDLE"}}
[debug] [2021-04-11T18:21:22.641Z] [work-queue] {"queueLength":0,"workRunningCount":0}
[debug] [2021-04-11T18:21:22.705Z] Functions emulator received unknown request at path /favicon.ico
[debug] [2021-04-11T18:23:08.740Z] File D:\projects\rn-meals-togo\functions\geocode\geocode.mock.js changed, reloading triggers {"metadata":{"emulator":{"name":"functions"},"message":"File D:\\projects\\rn-meals-togo\\functions\\geocode\\geocode.mock.js changed, reloading triggers"}}
[debug] [2021-04-11T18:23:09.742Z] [worker-pool] Shutting down IDLE worker (~diagnostic~) {"metadata":{"emulator":{"name":"functions"},"message":"[worker-pool] Shutting down IDLE worker (~diagnostic~)"}}
[debug] [2021-04-11T18:23:09.743Z] [worker-~diagnostic~-c7db3049-3a79-4b44-992d-6a7cce1399ec]: FINISHING {"metadata":{"emulator":{"name":"functions"},"message":"[worker-~diagnostic~-c7db3049-3a79-4b44-992d-6a7cce1399ec]: FINISHING"}}
[debug] [2021-04-11T18:23:09.744Z] [worker-pool] Shutting down IDLE worker (geocode) {"metadata":{"emulator":{"name":"functions"},"message":"[worker-pool] Shutting down IDLE worker (geocode)"}}
[debug] [2021-04-11T18:23:09.744Z] [worker-geocode-8ce0ece9-1198-4a4f-8ffe-d8018fb1b72e]: FINISHING {"metadata":{"emulator":{"name":"functions"},"message":"[worker-geocode-8ce0ece9-1198-4a4f-8ffe-d8018fb1b72e]: FINISHING"}}
[debug] [2021-04-11T18:23:09.759Z] [worker-pool] addWorker(~diagnostic~) {"metadata":{"emulator":{"name":"functions"},"message":"[worker-pool] addWorker(~diagnostic~)"}}
[debug] [2021-04-11T18:23:09.759Z] [worker-pool] Adding worker with key ~diagnostic~, total=2 {"metadata":{"emulator":{"name":"functions"},"message":"[worker-pool] Adding worker with key ~diagnostic~, total=2"}}
[debug] [2021-04-11T18:23:09.759Z] [worker-pool] submitWork(triggerId=) {"metadata":{"emulator":{"name":"functions"},"message":"[worker-pool] submitWork(triggerId=)"}}
[debug] [2021-04-11T18:23:09.759Z] [worker-~diagnostic~-24b5cc9b-9e69-4f0a-9af2-e51e4a8cb3c9]: Assigning socketPath: \\?\pipe\D:\projects\rn-meals-togo\functions\20300 {"metadata":{"emulator":{"name":"functions"},"message":"[worker-~diagnostic~-24b5cc9b-9e69-4f0a-9af2-e51e4a8cb3c9]: Assigning socketPath: \\\\?\\pipe\\D:\\projects\\rn-meals-togo\\functions\\20300"}}
[debug] [2021-04-11T18:23:09.760Z] [worker-~diagnostic~-24b5cc9b-9e69-4f0a-9af2-e51e4a8cb3c9]: BUSY {"metadata":{"emulator":{"name":"functions"},"message":"[worker-~diagnostic~-24b5cc9b-9e69-4f0a-9af2-e51e4a8cb3c9]: BUSY"}}
[debug] [2021-04-11T18:23:09.762Z] [worker-~diagnostic~-c7db3049-3a79-4b44-992d-6a7cce1399ec]: exited {"metadata":{"emulator":{"name":"functions"},"message":"[worker-~diagnostic~-c7db3049-3a79-4b44-992d-6a7cce1399ec]: exited"}}
[debug] [2021-04-11T18:23:09.762Z] [worker-~diagnostic~-c7db3049-3a79-4b44-992d-6a7cce1399ec]: FINISHED {"metadata":{"emulator":{"name":"functions"},"message":"[worker-~diagnostic~-c7db3049-3a79-4b44-992d-6a7cce1399ec]: FINISHED"}}
[debug] [2021-04-11T18:23:09.763Z] [worker-geocode-8ce0ece9-1198-4a4f-8ffe-d8018fb1b72e]: exited {"metadata":{"emulator":{"name":"functions"},"message":"[worker-geocode-8ce0ece9-1198-4a4f-8ffe-d8018fb1b72e]: exited"}}
[debug] [2021-04-11T18:23:09.763Z] [worker-geocode-8ce0ece9-1198-4a4f-8ffe-d8018fb1b72e]: FINISHED {"metadata":{"emulator":{"name":"functions"},"message":"[worker-geocode-8ce0ece9-1198-4a4f-8ffe-d8018fb1b72e]: FINISHED"}}
[debug] [2021-04-11T18:23:09.976Z] [runtime-status] [20300] Functions runtime initialized. {"cwd":"D:\\projects\\rn-meals-togo\\functions","node_version":"14.9.0"} {"metadata":{"emulator":{"name":"functions"},"message":"[runtime-status] [20300] Functions runtime initialized. {\"cwd\":\"D:\\\\projects\\\\rn-meals-togo\\\\functions\",\"node_version\":\"14.9.0\"}"}}
[debug] [2021-04-11T18:23:09.977Z] [runtime-status] [20300] Disabled runtime features: undefined {"metadata":{"emulator":{"name":"functions"},"message":"[runtime-status] [20300] Disabled runtime features: undefined"}}
[debug] [2021-04-11T18:23:09.981Z] [runtime-status] [20300] Resolved module firebase-admin {"declared":true,"installed":true,"version":"9.6.0","resolution":"D:\\projects\\rn-meals-togo\\functions\\node_modules\\firebase-admin\\lib\\index.js"} {"metadata":{"emulator":{"name":"functions"},"message":"[runtime-status] [20300] Resolved module firebase-admin {\"declared\":true,\"installed\":true,\"version\":\"9.6.0\",\"resolution\":\"D:\\\\projects\\\\rn-meals-togo\\\\functions\\\\node_modules\\\\firebase-admin\\\\lib\\\\index.js\"}"}}
[debug] [2021-04-11T18:23:09.983Z] [runtime-status] [20300] Resolved module firebase-functions {"declared":true,"installed":true,"version":"3.13.2","resolution":"D:\\projects\\rn-meals-togo\\functions\\node_modules\\firebase-functions\\lib\\index.js"} {"metadata":{"emulator":{"name":"functions"},"message":"[runtime-status] [20300] Resolved module firebase-functions {\"declared\":true,\"installed\":true,\"version\":\"3.13.2\",\"resolution\":\"D:\\\\projects\\\\rn-meals-togo\\\\functions\\\\node_modules\\\\firebase-functions\\\\lib\\\\index.js\"}"}}
[debug] [2021-04-11T18:23:09.984Z] [runtime-status] [20300] Resolved module firebase-functions {"declared":true,"installed":true,"version":"3.13.2","resolution":"D:\\projects\\rn-meals-togo\\functions\\node_modules\\firebase-functions\\lib\\index.js"} {"metadata":{"emulator":{"name":"functions"},"message":"[runtime-status] [20300] Resolved module firebase-functions {\"declared\":true,\"installed\":true,\"version\":\"3.13.2\",\"resolution\":\"D:\\\\projects\\\\rn-meals-togo\\\\functions\\\\node_modules\\\\firebase-functions\\\\lib\\\\index.js\"}"}}
[debug] [2021-04-11T18:23:09.986Z] [runtime-status] [20300] Outgoing network have been stubbed. [{"name":"http","status":"mocked"},{"name":"http","status":"mocked"},{"name":"https","status":"mocked"},{"name":"https","status":"mocked"},{"name":"net","status":"mocked"}] {"metadata":{"emulator":{"name":"functions"},"message":"[runtime-status] [20300] Outgoing network have been stubbed. [{\"name\":\"http\",\"status\":\"mocked\"},{\"name\":\"http\",\"status\":\"mocked\"},{\"name\":\"https\",\"status\":\"mocked\"},{\"name\":\"https\",\"status\":\"mocked\"},{\"name\":\"net\",\"status\":\"mocked\"}]"}}
[debug] [2021-04-11T18:23:09.986Z] [runtime-status] [20300] Resolved module firebase-functions {"declared":true,"installed":true,"version":"3.13.2","resolution":"D:\\projects\\rn-meals-togo\\functions\\node_modules\\firebase-functions\\lib\\index.js"} {"metadata":{"emulator":{"name":"functions"},"message":"[runtime-status] [20300] Resolved module firebase-functions {\"declared\":true,\"installed\":true,\"version\":\"3.13.2\",\"resolution\":\"D:\\\\projects\\\\rn-meals-togo\\\\functions\\\\node_modules\\\\firebase-functions\\\\lib\\\\index.js\"}"}}
[debug] [2021-04-11T18:23:10.023Z] [runtime-status] [20300] Checked functions.config() {"config":{}} {"metadata":{"emulator":{"name":"functions"},"message":"[runtime-status] [20300] Checked functions.config() {\"config\":{}}"}}
[debug] [2021-04-11T18:23:10.023Z] [runtime-status] [20300] firebase-functions has been stubbed. {"functionsResolution":{"declared":true,"installed":true,"version":"3.13.2","resolution":"D:\\projects\\rn-meals-togo\\functions\\node_modules\\firebase-functions\\lib\\index.js"}} {"metadata":{"emulator":{"name":"functions"},"message":"[runtime-status] [20300] firebase-functions has been stubbed. {\"functionsResolution\":{\"declared\":true,\"installed\":true,\"version\":\"3.13.2\",\"resolution\":\"D:\\\\projects\\\\rn-meals-togo\\\\functions\\\\node_modules\\\\firebase-functions\\\\lib\\\\index.js\"}}"}}
[debug] [2021-04-11T18:23:10.023Z] [runtime-status] [20300] Resolved module firebase-functions {"declared":true,"installed":true,"version":"3.13.2","resolution":"D:\\projects\\rn-meals-togo\\functions\\node_modules\\firebase-functions\\lib\\index.js"} {"metadata":{"emulator":{"name":"functions"},"message":"[runtime-status] [20300] Resolved module firebase-functions {\"declared\":true,\"installed\":true,\"version\":\"3.13.2\",\"resolution\":\"D:\\\\projects\\\\rn-meals-togo\\\\functions\\\\node_modules\\\\firebase-functions\\\\lib\\\\index.js\"}"}}
[debug] [2021-04-11T18:23:10.024Z] [runtime-status] [20300] Resolved module firebase-admin {"declared":true,"installed":true,"version":"9.6.0","resolution":"D:\\projects\\rn-meals-togo\\functions\\node_modules\\firebase-admin\\lib\\index.js"} {"metadata":{"emulator":{"name":"functions"},"message":"[runtime-status] [20300] Resolved module firebase-admin {\"declared\":true,\"installed\":true,\"version\":\"9.6.0\",\"resolution\":\"D:\\\\projects\\\\rn-meals-togo\\\\functions\\\\node_modules\\\\firebase-admin\\\\lib\\\\index.js\"}"}}
[debug] [2021-04-11T18:23:10.025Z] [runtime-status] [20300] Resolved module firebase-functions {"declared":true,"installed":true,"version":"3.13.2","resolution":"D:\\projects\\rn-meals-togo\\functions\\node_modules\\firebase-functions\\lib\\index.js"} {"metadata":{"emulator":{"name":"functions"},"message":"[runtime-status] [20300] Resolved module firebase-functions {\"declared\":true,\"installed\":true,\"version\":\"3.13.2\",\"resolution\":\"D:\\\\projects\\\\rn-meals-togo\\\\functions\\\\node_modules\\\\firebase-functions\\\\lib\\\\index.js\"}"}}
[debug] [2021-04-11T18:23:10.025Z] [runtime-status] [20300] firebase-admin has been stubbed. {"adminResolution":{"declared":true,"installed":true,"version":"9.6.0","resolution":"D:\\projects\\rn-meals-togo\\functions\\node_modules\\firebase-admin\\lib\\index.js"}} {"metadata":{"emulator":{"name":"functions"},"message":"[runtime-status] [20300] firebase-admin has been stubbed. {\"adminResolution\":{\"declared\":true,\"installed\":true,\"version\":\"9.6.0\",\"resolution\":\"D:\\\\projects\\\\rn-meals-togo\\\\functions\\\\node_modules\\\\firebase-admin\\\\lib\\\\index.js\"}}"}}
[debug] [2021-04-11T18:23:10.029Z] [worker-~diagnostic~-24b5cc9b-9e69-4f0a-9af2-e51e4a8cb3c9]: IDLE {"metadata":{"emulator":{"name":"functions"},"message":"[worker-~diagnostic~-24b5cc9b-9e69-4f0a-9af2-e51e4a8cb3c9]: IDLE"}}
[debug] [2021-04-11T18:23:12.679Z] File D:\projects\rn-meals-togo\functions\geocode\geocode.mock.js changed, reloading triggers {"metadata":{"emulator":{"name":"functions"},"message":"File D:\\projects\\rn-meals-togo\\functions\\geocode\\geocode.mock.js changed, reloading triggers"}}
[debug] [2021-04-11T18:23:13.693Z] [worker-pool] Shutting down IDLE worker (~diagnostic~) {"metadata":{"emulator":{"name":"functions"},"message":"[worker-pool] Shutting down IDLE worker (~diagnostic~)"}}
[debug] [2021-04-11T18:23:13.693Z] [worker-~diagnostic~-24b5cc9b-9e69-4f0a-9af2-e51e4a8cb3c9]: FINISHING {"metadata":{"emulator":{"name":"functions"},"message":"[worker-~diagnostic~-24b5cc9b-9e69-4f0a-9af2-e51e4a8cb3c9]: FINISHING"}}
[debug] [2021-04-11T18:23:13.694Z] [worker-pool] Cleaned up workers for ~diagnostic~: 2 --> 1 {"metadata":{"emulator":{"name":"functions"},"message":"[worker-pool] Cleaned up workers for ~diagnostic~: 2 --> 1"}}
[debug] [2021-04-11T18:23:13.695Z] [worker-pool] Cleaned up workers for geocode: 1 --> 0 {"metadata":{"emulator":{"name":"functions"},"message":"[worker-pool] Cleaned up workers for geocode: 1 --> 0"}}
[debug] [2021-04-11T18:23:13.709Z] [worker-pool] addWorker(~diagnostic~) {"metadata":{"emulator":{"name":"functions"},"message":"[worker-pool] addWorker(~diagnostic~)"}}
[debug] [2021-04-11T18:23:13.710Z] [worker-pool] Adding worker with key ~diagnostic~, total=2 {"metadata":{"emulator":{"name":"functions"},"message":"[worker-pool] Adding worker with key ~diagnostic~, total=2"}}
[debug] [2021-04-11T18:23:13.710Z] [worker-pool] submitWork(triggerId=) {"metadata":{"emulator":{"name":"functions"},"message":"[worker-pool] submitWork(triggerId=)"}}
[debug] [2021-04-11T18:23:13.710Z] [worker-~diagnostic~-e29be474-fc86-420f-a35d-b093deeb8d1e]: Assigning socketPath: \\?\pipe\D:\projects\rn-meals-togo\functions\1948 {"metadata":{"emulator":{"name":"functions"},"message":"[worker-~diagnostic~-e29be474-fc86-420f-a35d-b093deeb8d1e]: Assigning socketPath: \\\\?\\pipe\\D:\\projects\\rn-meals-togo\\functions\\1948"}}
[debug] [2021-04-11T18:23:13.711Z] [worker-~diagnostic~-e29be474-fc86-420f-a35d-b093deeb8d1e]: BUSY {"metadata":{"emulator":{"name":"functions"},"message":"[worker-~diagnostic~-e29be474-fc86-420f-a35d-b093deeb8d1e]: BUSY"}}
[debug] [2021-04-11T18:23:13.711Z] [worker-~diagnostic~-24b5cc9b-9e69-4f0a-9af2-e51e4a8cb3c9]: exited {"metadata":{"emulator":{"name":"functions"},"message":"[worker-~diagnostic~-24b5cc9b-9e69-4f0a-9af2-e51e4a8cb3c9]: exited"}}
[debug] [2021-04-11T18:23:13.712Z] [worker-~diagnostic~-24b5cc9b-9e69-4f0a-9af2-e51e4a8cb3c9]: FINISHED {"metadata":{"emulator":{"name":"functions"},"message":"[worker-~diagnostic~-24b5cc9b-9e69-4f0a-9af2-e51e4a8cb3c9]: FINISHED"}}
[debug] [2021-04-11T18:23:13.895Z] [runtime-status] [1948] Functions runtime initialized. {"cwd":"D:\\projects\\rn-meals-togo\\functions","node_version":"14.9.0"} {"metadata":{"emulator":{"name":"functions"},"message":"[runtime-status] [1948] Functions runtime initialized. {\"cwd\":\"D:\\\\projects\\\\rn-meals-togo\\\\functions\",\"node_version\":\"14.9.0\"}"}}
[debug] [2021-04-11T18:23:13.896Z] [runtime-status] [1948] Disabled runtime features: undefined {"metadata":{"emulator":{"name":"functions"},"message":"[runtime-status] [1948] Disabled runtime features: undefined"}}
[debug] [2021-04-11T18:23:13.898Z] [runtime-status] [1948] Resolved module firebase-admin {"declared":true,"installed":true,"version":"9.6.0","resolution":"D:\\projects\\rn-meals-togo\\functions\\node_modules\\firebase-admin\\lib\\index.js"} {"metadata":{"emulator":{"name":"functions"},"message":"[runtime-status] [1948] Resolved module firebase-admin {\"declared\":true,\"installed\":true,\"version\":\"9.6.0\",\"resolution\":\"D:\\\\projects\\\\rn-meals-togo\\\\functions\\\\node_modules\\\\firebase-admin\\\\lib\\\\index.js\"}"}}
[debug] [2021-04-11T18:23:13.899Z] [runtime-status] [1948] Resolved module firebase-functions {"declared":true,"installed":true,"version":"3.13.2","resolution":"D:\\projects\\rn-meals-togo\\functions\\node_modules\\firebase-functions\\lib\\index.js"} {"metadata":{"emulator":{"name":"functions"},"message":"[runtime-status] [1948] Resolved module firebase-functions {\"declared\":true,\"installed\":true,\"version\":\"3.13.2\",\"resolution\":\"D:\\\\projects\\\\rn-meals-togo\\\\functions\\\\node_modules\\\\firebase-functions\\\\lib\\\\index.js\"}"}}
[debug] [2021-04-11T18:23:13.901Z] [runtime-status] [1948] Resolved module firebase-functions {"declared":true,"installed":true,"version":"3.13.2","resolution":"D:\\projects\\rn-meals-togo\\functions\\node_modules\\firebase-functions\\lib\\index.js"} {"metadata":{"emulator":{"name":"functions"},"message":"[runtime-status] [1948] Resolved module firebase-functions {\"declared\":true,\"installed\":true,\"version\":\"3.13.2\",\"resolution\":\"D:\\\\projects\\\\rn-meals-togo\\\\functions\\\\node_modules\\\\firebase-functions\\\\lib\\\\index.js\"}"}}
[debug] [2021-04-11T18:23:13.902Z] [runtime-status] [1948] Outgoing network have been stubbed. [{"name":"http","status":"mocked"},{"name":"http","status":"mocked"},{"name":"https","status":"mocked"},{"name":"https","status":"mocked"},{"name":"net","status":"mocked"}] {"metadata":{"emulator":{"name":"functions"},"message":"[runtime-status] [1948] Outgoing network have been stubbed. [{\"name\":\"http\",\"status\":\"mocked\"},{\"name\":\"http\",\"status\":\"mocked\"},{\"name\":\"https\",\"status\":\"mocked\"},{\"name\":\"https\",\"status\":\"mocked\"},{\"name\":\"net\",\"status\":\"mocked\"}]"}}
[debug] [2021-04-11T18:23:13.903Z] [runtime-status] [1948] Resolved module firebase-functions {"declared":true,"installed":true,"version":"3.13.2","resolution":"D:\\projects\\rn-meals-togo\\functions\\node_modules\\firebase-functions\\lib\\index.js"} {"metadata":{"emulator":{"name":"functions"},"message":"[runtime-status] [1948] Resolved module firebase-functions {\"declared\":true,\"installed\":true,\"version\":\"3.13.2\",\"resolution\":\"D:\\\\projects\\\\rn-meals-togo\\\\functions\\\\node_modules\\\\firebase-functions\\\\lib\\\\index.js\"}"}}
[debug] [2021-04-11T18:23:13.936Z] [runtime-status] [1948] Checked functions.config() {"config":{}} {"metadata":{"emulator":{"name":"functions"},"message":"[runtime-status] [1948] Checked functions.config() {\"config\":{}}"}}
[debug] [2021-04-11T18:23:13.937Z] [runtime-status] [1948] firebase-functions has been stubbed. {"functionsResolution":{"declared":true,"installed":true,"version":"3.13.2","resolution":"D:\\projects\\rn-meals-togo\\functions\\node_modules\\firebase-functions\\lib\\index.js"}} {"metadata":{"emulator":{"name":"functions"},"message":"[runtime-status] [1948] firebase-functions has been stubbed. {\"functionsResolution\":{\"declared\":true,\"installed\":true,\"version\":\"3.13.2\",\"resolution\":\"D:\\\\projects\\\\rn-meals-togo\\\\functions\\\\node_modules\\\\firebase-functions\\\\lib\\\\index.js\"}}"}}
[debug] [2021-04-11T18:23:13.937Z] [runtime-status] [1948] Resolved module firebase-functions {"declared":true,"installed":true,"version":"3.13.2","resolution":"D:\\projects\\rn-meals-togo\\functions\\node_modules\\firebase-functions\\lib\\index.js"} {"metadata":{"emulator":{"name":"functions"},"message":"[runtime-status] [1948] Resolved module firebase-functions {\"declared\":true,\"installed\":true,\"version\":\"3.13.2\",\"resolution\":\"D:\\\\projects\\\\rn-meals-togo\\\\functions\\\\node_modules\\\\firebase-functions\\\\lib\\\\index.js\"}"}}
[debug] [2021-04-11T18:23:13.938Z] [runtime-status] [1948] Resolved module firebase-admin {"declared":true,"installed":true,"version":"9.6.0","resolution":"D:\\projects\\rn-meals-togo\\functions\\node_modules\\firebase-admin\\lib\\index.js"} {"metadata":{"emulator":{"name":"functions"},"message":"[runtime-status] [1948] Resolved module firebase-admin {\"declared\":true,\"installed\":true,\"version\":\"9.6.0\",\"resolution\":\"D:\\\\projects\\\\rn-meals-togo\\\\functions\\\\node_modules\\\\firebase-admin\\\\lib\\\\index.js\"}"}}
[debug] [2021-04-11T18:23:13.938Z] [runtime-status] [1948] Resolved module firebase-functions {"declared":true,"installed":true,"version":"3.13.2","resolution":"D:\\projects\\rn-meals-togo\\functions\\node_modules\\firebase-functions\\lib\\index.js"} {"metadata":{"emulator":{"name":"functions"},"message":"[runtime-status] [1948] Resolved module firebase-functions {\"declared\":true,\"installed\":true,\"version\":\"3.13.2\",\"resolution\":\"D:\\\\projects\\\\rn-meals-togo\\\\functions\\\\node_modules\\\\firebase-functions\\\\lib\\\\index.js\"}"}}
[debug] [2021-04-11T18:23:13.938Z] [runtime-status] [1948] firebase-admin has been stubbed. {"adminResolution":{"declared":true,"installed":true,"version":"9.6.0","resolution":"D:\\projects\\rn-meals-togo\\functions\\node_modules\\firebase-admin\\lib\\index.js"}} {"metadata":{"emulator":{"name":"functions"},"message":"[runtime-status] [1948] firebase-admin has been stubbed. {\"adminResolution\":{\"declared\":true,\"installed\":true,\"version\":\"9.6.0\",\"resolution\":\"D:\\\\projects\\\\rn-meals-togo\\\\functions\\\\node_modules\\\\firebase-admin\\\\lib\\\\index.js\"}}"}}
[debug] [2021-04-11T18:23:13.941Z] [worker-~diagnostic~-e29be474-fc86-420f-a35d-b093deeb8d1e]: IDLE {"metadata":{"emulator":{"name":"functions"},"message":"[worker-~diagnostic~-e29be474-fc86-420f-a35d-b093deeb8d1e]: IDLE"}}
[debug] [2021-04-11T18:23:14.056Z] File D:\projects\rn-meals-togo\functions\geocode\geocode.mock.js changed, reloading triggers {"metadata":{"emulator":{"name":"functions"},"message":"File D:\\projects\\rn-meals-togo\\functions\\geocode\\geocode.mock.js changed, reloading triggers"}}
[debug] [2021-04-11T18:23:15.058Z] [worker-pool] Shutting down IDLE worker (~diagnostic~) {"metadata":{"emulator":{"name":"functions"},"message":"[worker-pool] Shutting down IDLE worker (~diagnostic~)"}}
[debug] [2021-04-11T18:23:15.059Z] [worker-~diagnostic~-e29be474-fc86-420f-a35d-b093deeb8d1e]: FINISHING {"metadata":{"emulator":{"name":"functions"},"message":"[worker-~diagnostic~-e29be474-fc86-420f-a35d-b093deeb8d1e]: FINISHING"}}
[debug] [2021-04-11T18:23:15.060Z] [worker-pool] Cleaned up workers for ~diagnostic~: 2 --> 1 {"metadata":{"emulator":{"name":"functions"},"message":"[worker-pool] Cleaned up workers for ~diagnostic~: 2 --> 1"}}
[debug] [2021-04-11T18:23:15.075Z] [worker-pool] addWorker(~diagnostic~) {"metadata":{"emulator":{"name":"functions"},"message":"[worker-pool] addWorker(~diagnostic~)"}}
[debug] [2021-04-11T18:23:15.076Z] [worker-pool] Adding worker with key ~diagnostic~, total=2 {"metadata":{"emulator":{"name":"functions"},"message":"[worker-pool] Adding worker with key ~diagnostic~, total=2"}}
[debug] [2021-04-11T18:23:15.076Z] [worker-pool] submitWork(triggerId=) {"metadata":{"emulator":{"name":"functions"},"message":"[worker-pool] submitWork(triggerId=)"}}
[debug] [2021-04-11T18:23:15.076Z] [worker-~diagnostic~-d45ec28e-eb10-478a-a50f-fe33edcc7a88]: Assigning socketPath: \\?\pipe\D:\projects\rn-meals-togo\functions\14580 {"metadata":{"emulator":{"name":"functions"},"message":"[worker-~diagnostic~-d45ec28e-eb10-478a-a50f-fe33edcc7a88]: Assigning socketPath: \\\\?\\pipe\\D:\\projects\\rn-meals-togo\\functions\\14580"}}
[debug] [2021-04-11T18:23:15.077Z] [worker-~diagnostic~-d45ec28e-eb10-478a-a50f-fe33edcc7a88]: BUSY {"metadata":{"emulator":{"name":"functions"},"message":"[worker-~diagnostic~-d45ec28e-eb10-478a-a50f-fe33edcc7a88]: BUSY"}}
[debug] [2021-04-11T18:23:15.078Z] [worker-~diagnostic~-e29be474-fc86-420f-a35d-b093deeb8d1e]: exited {"metadata":{"emulator":{"name":"functions"},"message":"[worker-~diagnostic~-e29be474-fc86-420f-a35d-b093deeb8d1e]: exited"}}
[debug] [2021-04-11T18:23:15.078Z] [worker-~diagnostic~-e29be474-fc86-420f-a35d-b093deeb8d1e]: FINISHED {"metadata":{"emulator":{"name":"functions"},"message":"[worker-~diagnostic~-e29be474-fc86-420f-a35d-b093deeb8d1e]: FINISHED"}}
[debug] [2021-04-11T18:23:15.325Z] [runtime-status] [14580] Functions runtime initialized. {"cwd":"D:\\projects\\rn-meals-togo\\functions","node_version":"14.9.0"} {"metadata":{"emulator":{"name":"functions"},"message":"[runtime-status] [14580] Functions runtime initialized. {\"cwd\":\"D:\\\\projects\\\\rn-meals-togo\\\\functions\",\"node_version\":\"14.9.0\"}"}}
[debug] [2021-04-11T18:23:15.326Z] [runtime-status] [14580] Disabled runtime features: undefined {"metadata":{"emulator":{"name":"functions"},"message":"[runtime-status] [14580] Disabled runtime features: undefined"}}
[debug] [2021-04-11T18:23:15.330Z] [runtime-status] [14580] Resolved module firebase-admin {"declared":true,"installed":true,"version":"9.6.0","resolution":"D:\\projects\\rn-meals-togo\\functions\\node_modules\\firebase-admin\\lib\\index.js"} {"metadata":{"emulator":{"name":"functions"},"message":"[runtime-status] [14580] Resolved module firebase-admin {\"declared\":true,\"installed\":true,\"version\":\"9.6.0\",\"resolution\":\"D:\\\\projects\\\\rn-meals-togo\\\\functions\\\\node_modules\\\\firebase-admin\\\\lib\\\\index.js\"}"}}
[debug] [2021-04-11T18:23:15.332Z] [runtime-status] [14580] Resolved module firebase-functions {"declared":true,"installed":true,"version":"3.13.2","resolution":"D:\\projects\\rn-meals-togo\\functions\\node_modules\\firebase-functions\\lib\\index.js"} {"metadata":{"emulator":{"name":"functions"},"message":"[runtime-status] [14580] Resolved module firebase-functions {\"declared\":true,\"installed\":true,\"version\":\"3.13.2\",\"resolution\":\"D:\\\\projects\\\\rn-meals-togo\\\\functions\\\\node_modules\\\\firebase-functions\\\\lib\\\\index.js\"}"}}
[debug] [2021-04-11T18:23:15.334Z] [runtime-status] [14580] Resolved module firebase-functions {"declared":true,"installed":true,"version":"3.13.2","resolution":"D:\\projects\\rn-meals-togo\\functions\\node_modules\\firebase-functions\\lib\\index.js"} {"metadata":{"emulator":{"name":"functions"},"message":"[runtime-status] [14580] Resolved module firebase-functions {\"declared\":true,\"installed\":true,\"version\":\"3.13.2\",\"resolution\":\"D:\\\\projects\\\\rn-meals-togo\\\\functions\\\\node_modules\\\\firebase-functions\\\\lib\\\\index.js\"}"}}
[debug] [2021-04-11T18:23:15.336Z] [runtime-status] [14580] Outgoing network have been stubbed. [{"name":"http","status":"mocked"},{"name":"http","status":"mocked"},{"name":"https","status":"mocked"},{"name":"https","status":"mocked"},{"name":"net","status":"mocked"}] {"metadata":{"emulator":{"name":"functions"},"message":"[runtime-status] [14580] Outgoing network have been stubbed. [{\"name\":\"http\",\"status\":\"mocked\"},{\"name\":\"http\",\"status\":\"mocked\"},{\"name\":\"https\",\"status\":\"mocked\"},{\"name\":\"https\",\"status\":\"mocked\"},{\"name\":\"net\",\"status\":\"mocked\"}]"}}
[debug] [2021-04-11T18:23:15.336Z] [runtime-status] [14580] Resolved module firebase-functions {"declared":true,"installed":true,"version":"3.13.2","resolution":"D:\\projects\\rn-meals-togo\\functions\\node_modules\\firebase-functions\\lib\\index.js"} {"metadata":{"emulator":{"name":"functions"},"message":"[runtime-status] [14580] Resolved module firebase-functions {\"declared\":true,\"installed\":true,\"version\":\"3.13.2\",\"resolution\":\"D:\\\\projects\\\\rn-meals-togo\\\\functions\\\\node_modules\\\\firebase-functions\\\\lib\\\\index.js\"}"}}
[debug] [2021-04-11T18:23:15.377Z] [runtime-status] [14580] Checked functions.config() {"config":{}} {"metadata":{"emulator":{"name":"functions"},"message":"[runtime-status] [14580] Checked functions.config() {\"config\":{}}"}}
[debug] [2021-04-11T18:23:15.377Z] [runtime-status] [14580] firebase-functions has been stubbed. {"functionsResolution":{"declared":true,"installed":true,"version":"3.13.2","resolution":"D:\\projects\\rn-meals-togo\\functions\\node_modules\\firebase-functions\\lib\\index.js"}} {"metadata":{"emulator":{"name":"functions"},"message":"[runtime-status] [14580] firebase-functions has been stubbed. {\"functionsResolution\":{\"declared\":true,\"installed\":true,\"version\":\"3.13.2\",\"resolution\":\"D:\\\\projects\\\\rn-meals-togo\\\\functions\\\\node_modules\\\\firebase-functions\\\\lib\\\\index.js\"}}"}}
[debug] [2021-04-11T18:23:15.377Z] [runtime-status] [14580] Resolved module firebase-functions {"declared":true,"installed":true,"version":"3.13.2","resolution":"D:\\projects\\rn-meals-togo\\functions\\node_modules\\firebase-functions\\lib\\index.js"} {"metadata":{"emulator":{"name":"functions"},"message":"[runtime-status] [14580] Resolved module firebase-functions {\"declared\":true,\"installed\":true,\"version\":\"3.13.2\",\"resolution\":\"D:\\\\projects\\\\rn-meals-togo\\\\functions\\\\node_modules\\\\firebase-functions\\\\lib\\\\index.js\"}"}}
[debug] [2021-04-11T18:23:15.378Z] [runtime-status] [14580] Resolved module firebase-admin {"declared":true,"installed":true,"version":"9.6.0","resolution":"D:\\projects\\rn-meals-togo\\functions\\node_modules\\firebase-admin\\lib\\index.js"} {"metadata":{"emulator":{"name":"functions"},"message":"[runtime-status] [14580] Resolved module firebase-admin {\"declared\":true,\"installed\":true,\"version\":\"9.6.0\",\"resolution\":\"D:\\\\projects\\\\rn-meals-togo\\\\functions\\\\node_modules\\\\firebase-admin\\\\lib\\\\index.js\"}"}}
[debug] [2021-04-11T18:23:15.378Z] [runtime-status] [14580] Resolved module firebase-functions {"declared":true,"installed":true,"version":"3.13.2","resolution":"D:\\projects\\rn-meals-togo\\functions\\node_modules\\firebase-functions\\lib\\index.js"} {"metadata":{"emulator":{"name":"functions"},"message":"[runtime-status] [14580] Resolved module firebase-functions {\"declared\":true,\"installed\":true,\"version\":\"3.13.2\",\"resolution\":\"D:\\\\projects\\\\rn-meals-togo\\\\functions\\\\node_modules\\\\firebase-functions\\\\lib\\\\index.js\"}"}}
[debug] [2021-04-11T18:23:15.379Z] [runtime-status] [14580] firebase-admin has been stubbed. {"adminResolution":{"declared":true,"installed":true,"version":"9.6.0","resolution":"D:\\projects\\rn-meals-togo\\functions\\node_modules\\firebase-admin\\lib\\index.js"}} {"metadata":{"emulator":{"name":"functions"},"message":"[runtime-status] [14580] firebase-admin has been stubbed. {\"adminResolution\":{\"declared\":true,\"installed\":true,\"version\":\"9.6.0\",\"resolution\":\"D:\\\\projects\\\\rn-meals-togo\\\\functions\\\\node_modules\\\\firebase-admin\\\\lib\\\\index.js\"}}"}}
[debug] [2021-04-11T18:23:15.381Z] [worker-~diagnostic~-d45ec28e-eb10-478a-a50f-fe33edcc7a88]: IDLE {"metadata":{"emulator":{"name":"functions"},"message":"[worker-~diagnostic~-d45ec28e-eb10-478a-a50f-fe33edcc7a88]: IDLE"}}
